Start testing: Oct 30 13:06 CST
----------------------------------------------------------
42/60 Testing: rv32um-p-divu
42/60 Test: rv32um-p-divu
Command: "/data/usr/xuemy/try_scalar/try_scalar/work/rtl_compile/simv" "-exitstatus" "+HEX=/tools/hurj/riscv-proj/isa/rv32um-p-divu_itcm.hex" "+DATA_HEX=/tools/hurj/riscv-proj/isa/rv32um-p-divu_data.hex" "+TIMEOUT=12000"
Directory: /data/usr/xuemy/try_scalar/try_scalar/rv_isa_test/build
"rv32um-p-divu" start time: Oct 30 13:06 CST
Output:
----------------------------------------------------------
Chronologic VCS simulator copyright 1991-2022
Contains Synopsys proprietary information.
Compiler version T-2022.06_Full64; Runtime version T-2022.06_Full64;  Oct 30 13:06 2024
[SYSTEM] Timeout threshold is set to 12000 cycles.
WARNING: toy_top.u_toy_scalar.u_core.u_mext.metx_dw_div.U1.DWF_div_tc:
 at time = 10: Division by zero.
WARNING: toy_top.u_toy_scalar.u_core.u_mext.metx_dw_div.U1.DWF_rem_tc:
 at time = 10: Division by zero.
[SYSTEM][cycle=         54][pc=800001b4] Receive a cmd from core, cmd[00000000] = 0000000000000000000000000000000000000000000000000000000000000001
[SYSTEM][cycle=         54][pc=800001b4] Receive exit command 0000000000000000000000000000000000000000000000000000000000000001, exit.
[SYSTEM][PERF]Total         48 cycles.
[SYSTEM][PERF]Total         93 instructions.
[SYSTEM][PERF]Total          0 times cancel.MPKI 0.000000
[SYSTEM][BP]Tage error:     0, BTB error:     0, RAS error:     0, RAS miss:     0, Ind error:     0.
[SYSTEM][BP]BP2 chgflw:     0, RAS chgflw:     0.
[SYSTEM][BP]Tage update num:    10, Real commit:    11, Real tage err:    11.
[SYSTEM][ENTRY_USE]Fetch entry 0 use         31.
[SYSTEM][ENTRY_USE]Fetch entry 1 use         27.
[SYSTEM][ENTRY_USE]Fetch entry 2 use         19.
[SYSTEM][ENTRY_USE]Fetch entry 3 use         14.
[SYSTEM][LSU]Memory req cycle num          0.
[SYSTEM][COMMIT]MAX use  17.
[SYSTEM][INT_RF]MAX use  43.
[SYSTEM][FP_RF]MAX use  35.
[SYSTEM][LSU]MAX use  2.
[SYSTEM][STQ]MAX use   3.
[SYSTEM][LDQ]MAX use   0.
[SYSTEM] phy_lock                       0                   0                   0                   0
[SYSTEM] eu_hazard                      0
[SYSTEM] reg_hazard                    58
[SYSTEM] in-order                      40
[SYSTEM] 1->eu_hazard
[SYSTEM] 2->           reg_hazard
[SYSTEM] 3->eu_hazard  reg_hazard
[SYSTEM] 4->                       in-order
[SYSTEM] 5->eu_hazard              in-order
[SYSTEM] 6->           reg_hazard  in-order
[SYSTEM] 7->eu_hazard  reg_hazard  in-order
+----------------+---------------+---------------+---------------+---------------+---------------+---------------+---------------+---------------+
|                |  fetch empty  |       1       |       2       |       3       |       4       |       5       |       6       |       7       |
+----------------+---------------+---------------+---------------+---------------+---------------+---------------+---------------+---------------+
|    Channel 0   |       9       |       0       |      17       |       0       |       0       |       0       |       0       |       0       |
+----------------+---------------+---------------+---------------+---------------+---------------+---------------+---------------+---------------+
|    Channel 1   |       9       |       0       |       4       |       0       |      10       |       0       |       7       |       0       |
+----------------+---------------+---------------+---------------+---------------+---------------+---------------+---------------+---------------+
|    Channel 2   |       9       |       0       |       3       |       0       |       2       |       0       |       9       |       0       |
+----------------+---------------+---------------+---------------+---------------+---------------+---------------+---------------+---------------+
|    Channel 3   |       9       |       0       |       8       |       0       |       2       |       0       |      10       |       0       |
+----------------+---------------+---------------+---------------+---------------+---------------+---------------+---------------+---------------+

 | ----- E N T R Y  0 ----- | ----- E N T R Y  1 ----- | ----- E N T R Y  2 ----- | ----- E N T R Y  3 ----- |
 |                          |                          |                          |                          | 
 |        *                 |                          |                          |                          | 
 |        *                 |                          |                          |                          | 
 |        *                 |                          |                          |                          | 
 |        *                 |                          |                          |                          | 
 |        *                 |                          |                          |                          | 
 |        *                 |                          |                          |                          | 
 |        *                 |                          |                          |                          | 
 |        *                 |                          |                          |                          | 
 |        *                 |                          |                          |                          | 
 |        *                 |              *           |                          |                    *     | 
 |  *     *                 |  *           *           |  *                 *     |  *                 *     | 
 |  *     *                 |  *           *           |  *                 *     |  *     *           *     | 
 |  *     *                 |  *           *     *     |  *                 *     |  *     *           *     | 
 |  *     *                 |  *           *     *     |  *                 *     |  *     *           *     | 
 |  *     *                 |  *           *     *     |  *                 *     |  *     *           *     | 
 |  *     *                 |  *           *     *     |  *                 *     |  *     *           *     | 
 |  *     *                 |  *     *     *     *     |  *                 *     |  *     *           *     | 
 |  *     *                 |  *     *     *     *     |  *     *           *     |  *     *           *     | 
 |  *     *                 |  *     *     *     *     |  *     *     *     *     |  *     *     *     *     | 
 |  *     *                 |  *     *     *     *     |  *     *     *     *     |  *     *     *     *     | 
 |  0  1  2  3  4  5  6  7  |  0  1  2  3  4  5  6  7  |  0  1  2  3  4  5  6  7  |  0  1  2  3  4  5  6  7  | 
receive exit signal 0, success exit.
$finish called from file "/data/usr/xuemy/try_scalar/try_scalar/rtl/toy_env_slv.sv", line 579.
$finish at simulation time                 1070
           V C S   S i m u l a t i o n   R e p o r t 
Time: 1070
CPU Time:      0.320 seconds;       Data structure size:   0.9Mb
Wed Oct 30 13:06:58 2024
<end of output>
Test time =   2.68 sec
----------------------------------------------------------
Test Passed.
"rv32um-p-divu" end time: Oct 30 13:06 CST
"rv32um-p-divu" time elapsed: 00:00:02
----------------------------------------------------------

5/60 Testing: rv32ui-p-auipc
5/60 Test: rv32ui-p-auipc
Command: "/data/usr/xuemy/try_scalar/try_scalar/work/rtl_compile/simv" "-exitstatus" "+HEX=/tools/hurj/riscv-proj/isa/rv32ui-p-auipc_itcm.hex" "+DATA_HEX=/tools/hurj/riscv-proj/isa/rv32ui-p-auipc_data.hex" "+TIMEOUT=12000"
Directory: /data/usr/xuemy/try_scalar/try_scalar/rv_isa_test/build
"rv32ui-p-auipc" start time: Oct 30 13:06 CST
Output:
----------------------------------------------------------
Chronologic VCS simulator copyright 1991-2022
Contains Synopsys proprietary information.
Compiler version T-2022.06_Full64; Runtime version T-2022.06_Full64;  Oct 30 13:06 2024
[SYSTEM] Timeout threshold is set to 12000 cycles.
WARNING: toy_top.u_toy_scalar.u_core.u_mext.metx_dw_div.U1.DWF_div_tc:
 at time = 10: Division by zero.
WARNING: toy_top.u_toy_scalar.u_core.u_mext.metx_dw_div.U1.DWF_rem_tc:
 at time = 10: Division by zero.
[SYSTEM][cycle=         33][pc=8000010c] Receive a cmd from core, cmd[00000000] = 0000000000000000000000000000000000000000000000000000000000000001
[SYSTEM][cycle=         33][pc=8000010c] Receive exit command 0000000000000000000000000000000000000000000000000000000000000001, exit.
[SYSTEM][PERF]Total         27 cycles.
[SYSTEM][PERF]Total         53 instructions.
[SYSTEM][PERF]Total          0 times cancel.MPKI 0.000000
[SYSTEM][BP]Tage error:     0, BTB error:     0, RAS error:     0, RAS miss:     0, Ind error:     0.
[SYSTEM][BP]BP2 chgflw:     0, RAS chgflw:     0.
[SYSTEM][BP]Tage update num:     6, Real commit:     6, Real tage err:     6.
[SYSTEM][ENTRY_USE]Fetch entry 0 use         14.
[SYSTEM][ENTRY_USE]Fetch entry 1 use         14.
[SYSTEM][ENTRY_USE]Fetch entry 2 use         11.
[SYSTEM][ENTRY_USE]Fetch entry 3 use         11.
[SYSTEM][LSU]Memory req cycle num          0.
[SYSTEM][COMMIT]MAX use  16.
[SYSTEM][INT_RF]MAX use  43.
[SYSTEM][FP_RF]MAX use  35.
[SYSTEM][LSU]MAX use  2.
[SYSTEM][STQ]MAX use   2.
[SYSTEM][LDQ]MAX use   0.
[SYSTEM] phy_lock                       0                   0                   0                   0
[SYSTEM] eu_hazard                      0
[SYSTEM] reg_hazard                    13
[SYSTEM] in-order                       8
[SYSTEM] 1->eu_hazard
[SYSTEM] 2->           reg_hazard
[SYSTEM] 3->eu_hazard  reg_hazard
[SYSTEM] 4->                       in-order
[SYSTEM] 5->eu_hazard              in-order
[SYSTEM] 6->           reg_hazard  in-order
[SYSTEM] 7->eu_hazard  reg_hazard  in-order
+----------------+---------------+---------------+---------------+---------------+---------------+---------------+---------------+---------------+
|                |  fetch empty  |       1       |       2       |       3       |       4       |       5       |       6       |       7       |
+----------------+---------------+---------------+---------------+---------------+---------------+---------------+---------------+---------------+
|    Channel 0   |       9       |       0       |       0       |       0       |       0       |       0       |       0       |       0       |
+----------------+---------------+---------------+---------------+---------------+---------------+---------------+---------------+---------------+
|    Channel 1   |       9       |       0       |       4       |       0       |       0       |       0       |       0       |       0       |
+----------------+---------------+---------------+---------------+---------------+---------------+---------------+---------------+---------------+
|    Channel 2   |       9       |       0       |       3       |       0       |       3       |       0       |       1       |       0       |
+----------------+---------------+---------------+---------------+---------------+---------------+---------------+---------------+---------------+
|    Channel 3   |       9       |       0       |       5       |       0       |       4       |       0       |       0       |       0       |
+----------------+---------------+---------------+---------------+---------------+---------------+---------------+---------------+---------------+

 | ----- E N T R Y  0 ----- | ----- E N T R Y  1 ----- | ----- E N T R Y  2 ----- | ----- E N T R Y  3 ----- |
 |                          |                          |                          |                          | 
 |  *                       |  *                       |  *                       |  *                       | 
 |  *                       |  *                       |  *                       |  *                       | 
 |  *                       |  *                       |  *                       |  *                       | 
 |  *                       |  *                       |  *                       |  *                       | 
 |  *                       |  *                       |  *                       |  *                       | 
 |  *                       |  *                       |  *                       |  *                       | 
 |  *                       |  *                       |  *                       |  *                       | 
 |  *                       |  *                       |  *                       |  *                       | 
 |  *                       |  *                       |  *                       |  *                       | 
 |  *                       |  *                       |  *                       |  *     *                 | 
 |  *                       |  *                       |  *                       |  *     *                 | 
 |  *                       |  *                       |  *                       |  *     *                 | 
 |  *                       |  *     *                 |  *                       |  *     *     *           | 
 |  *                       |  *     *                 |  *                       |  *     *     *           | 
 |  *                       |  *     *                 |  *     *     *           |  *     *     *           | 
 |  *                       |  *     *                 |  *     *     *           |  *     *     *           | 
 |  *                       |  *     *                 |  *     *     *           |  *     *     *           | 
 |  *                       |  *     *                 |  *     *     *           |  *     *     *           | 
 |  *                       |  *     *                 |  *     *     *     *     |  *     *     *           | 
 |  *                       |  *     *                 |  *     *     *     *     |  *     *     *           | 
 |  0  1  2  3  4  5  6  7  |  0  1  2  3  4  5  6  7  |  0  1  2  3  4  5  6  7  |  0  1  2  3  4  5  6  7  | 
receive exit signal 0, success exit.
$finish called from file "/data/usr/xuemy/try_scalar/try_scalar/rtl/toy_env_slv.sv", line 579.
$finish at simulation time                  650
           V C S   S i m u l a t i o n   R e p o r t 
Time: 650
CPU Time:      0.410 seconds;       Data structure size:   0.9Mb
Wed Oct 30 13:06:58 2024
<end of output>
Test time =   2.88 sec
----------------------------------------------------------
Test Passed.
"rv32ui-p-auipc" end time: Oct 30 13:06 CST
"rv32ui-p-auipc" time elapsed: 00:00:02
----------------------------------------------------------

21/60 Testing: rv32ui-p-ma_data
21/60 Test: rv32ui-p-ma_data
Command: "/data/usr/xuemy/try_scalar/try_scalar/work/rtl_compile/simv" "-exitstatus" "+HEX=/tools/hurj/riscv-proj/isa/rv32ui-p-ma_data_itcm.hex" "+DATA_HEX=/tools/hurj/riscv-proj/isa/rv32ui-p-ma_data_data.hex" "+TIMEOUT=12000"
Directory: /data/usr/xuemy/try_scalar/try_scalar/rv_isa_test/build
"rv32ui-p-ma_data" start time: Oct 30 13:06 CST
Output:
----------------------------------------------------------
Chronologic VCS simulator copyright 1991-2022
Contains Synopsys proprietary information.
Compiler version T-2022.06_Full64; Runtime version T-2022.06_Full64;  Oct 30 13:06 2024
[SYSTEM] Timeout threshold is set to 12000 cycles.
WARNING: toy_top.u_toy_scalar.u_core.u_mext.metx_dw_div.U1.DWF_div_tc:
 at time = 10: Division by zero.
WARNING: toy_top.u_toy_scalar.u_core.u_mext.metx_dw_div.U1.DWF_rem_tc:
 at time = 10: Division by zero.
[SYSTEM][cycle=         60][pc=80000630] Receive a cmd from core, cmd[00000000] = 0000000000000000000000000000000000000000000000000000000000000021
[SYSTEM][cycle=         60][pc=80000630] Receive exit command 0000000000000000000000000000000000000000000000000000000000000021, exit.
[SYSTEM][PERF]Total         54 cycles.
[SYSTEM][PERF]Total         68 instructions.
[SYSTEM][PERF]Total          1 times cancel.MPKI 14.705882
[SYSTEM][BP]Tage error:     0, BTB error:     1, RAS error:     0, RAS miss:     0, Ind error:     0.
[SYSTEM][BP]BP2 chgflw:     0, RAS chgflw:     0.
[SYSTEM][BP]Tage update num:     8, Real commit:     8, Real tage err:     7.
[SYSTEM][ENTRY_USE]Fetch entry 0 use         25.
[SYSTEM][ENTRY_USE]Fetch entry 1 use         16.
[SYSTEM][ENTRY_USE]Fetch entry 2 use         16.
[SYSTEM][ENTRY_USE]Fetch entry 3 use         12.
[SYSTEM][LSU]Memory req cycle num          7.
[SYSTEM][COMMIT]MAX use  16.
[SYSTEM][INT_RF]MAX use  43.
[SYSTEM][FP_RF]MAX use  35.
[SYSTEM][LSU]MAX use  3.
[SYSTEM][STQ]MAX use   2.
[SYSTEM][LDQ]MAX use   1.
[SYSTEM] phy_lock                       0                   0                   0                   0
[SYSTEM] eu_hazard                      0
[SYSTEM] reg_hazard                    59
[SYSTEM] in-order                      40
[SYSTEM] 1->eu_hazard
[SYSTEM] 2->           reg_hazard
[SYSTEM] 3->eu_hazard  reg_hazard
[SYSTEM] 4->                       in-order
[SYSTEM] 5->eu_hazard              in-order
[SYSTEM] 6->           reg_hazard  in-order
[SYSTEM] 7->eu_hazard  reg_hazard  in-order
+----------------+---------------+---------------+---------------+---------------+---------------+---------------+---------------+---------------+
|                |  fetch empty  |       1       |       2       |       3       |       4       |       5       |       6       |       7       |
+----------------+---------------+---------------+---------------+---------------+---------------+---------------+---------------+---------------+
|    Channel 0   |      20       |       0       |       8       |       0       |       0       |       0       |       0       |       0       |
+----------------+---------------+---------------+---------------+---------------+---------------+---------------+---------------+---------------+
|    Channel 1   |      20       |       0       |       8       |       0       |       1       |       0       |       7       |       0       |
+----------------+---------------+---------------+---------------+---------------+---------------+---------------+---------------+---------------+
|    Channel 2   |      20       |       0       |       8       |       0       |       6       |       0       |       9       |       0       |
+----------------+---------------+---------------+---------------+---------------+---------------+---------------+---------------+---------------+
|    Channel 3   |      20       |       0       |       8       |       0       |       6       |       0       |      11       |       0       |
+----------------+---------------+---------------+---------------+---------------+---------------+---------------+---------------+---------------+

 | ----- E N T R Y  0 ----- | ----- E N T R Y  1 ----- | ----- E N T R Y  2 ----- | ----- E N T R Y  3 ----- |
 |                          |                          |                          |                          | 
 |  *                       |  *                       |  *                       |  *                       | 
 |  *                       |  *                       |  *                       |  *                       | 
 |  *                       |  *                       |  *                       |  *                       | 
 |  *                       |  *                       |  *                       |  *                       | 
 |  *                       |  *                       |  *                       |  *                       | 
 |  *                       |  *                       |  *                       |  *                       | 
 |  *                       |  *                       |  *                       |  *                       | 
 |  *                       |  *                       |  *                       |  *                       | 
 |  *                       |  *                       |  *                       |  *                       | 
 |  *                       |  *                       |  *                       |  *                 *     | 
 |  *                       |  *                       |  *                       |  *                 *     | 
 |  *                       |  *                       |  *                 *     |  *                 *     | 
 |  *     *                 |  *     *                 |  *     *           *     |  *     *           *     | 
 |  *     *                 |  *     *           *     |  *     *           *     |  *     *           *     | 
 |  *     *                 |  *     *           *     |  *     *     *     *     |  *     *     *     *     | 
 |  *     *                 |  *     *           *     |  *     *     *     *     |  *     *     *     *     | 
 |  *     *                 |  *     *           *     |  *     *     *     *     |  *     *     *     *     | 
 |  *     *                 |  *     *           *     |  *     *     *     *     |  *     *     *     *     | 
 |  *     *                 |  *     *           *     |  *     *     *     *     |  *     *     *     *     | 
 |  *     *                 |  *     *     *     *     |  *     *     *     *     |  *     *     *     *     | 
 |  0  1  2  3  4  5  6  7  |  0  1  2  3  4  5  6  7  |  0  1  2  3  4  5  6  7  |  0  1  2  3  4  5  6  7  | 
Fatal: "/data/usr/xuemy/try_scalar/try_scalar/rtl/toy_env_slv.sv", 582: toy_top.u_toy_env_slv: at time 1190
receive exit signal         16, fatal exit.
$finish called from file "/data/usr/xuemy/try_scalar/try_scalar/rtl/toy_env_slv.sv", line 582.
$finish at simulation time                 1190
           V C S   S i m u l a t i o n   R e p o r t 
Time: 1190
CPU Time:      0.440 seconds;       Data structure size:   0.9Mb
Wed Oct 30 13:06:58 2024
<end of output>
Test time =   2.92 sec
----------------------------------------------------------
Test Failed.
"rv32ui-p-ma_data" end time: Oct 30 13:06 CST
"rv32ui-p-ma_data" time elapsed: 00:00:02
----------------------------------------------------------

41/60 Testing: rv32um-p-div
41/60 Test: rv32um-p-div
Command: "/data/usr/xuemy/try_scalar/try_scalar/work/rtl_compile/simv" "-exitstatus" "+HEX=/tools/hurj/riscv-proj/isa/rv32um-p-div_itcm.hex" "+DATA_HEX=/tools/hurj/riscv-proj/isa/rv32um-p-div_data.hex" "+TIMEOUT=12000"
Directory: /data/usr/xuemy/try_scalar/try_scalar/rv_isa_test/build
"rv32um-p-div" start time: Oct 30 13:06 CST
Output:
----------------------------------------------------------
Chronologic VCS simulator copyright 1991-2022
Contains Synopsys proprietary information.
Compiler version T-2022.06_Full64; Runtime version T-2022.06_Full64;  Oct 30 13:06 2024
[SYSTEM] Timeout threshold is set to 12000 cycles.
WARNING: toy_top.u_toy_scalar.u_core.u_mext.metx_dw_div.U1.DWF_div_tc:
 at time = 10: Division by zero.
WARNING: toy_top.u_toy_scalar.u_core.u_mext.metx_dw_div.U1.DWF_rem_tc:
 at time = 10: Division by zero.
[SYSTEM][cycle=         54][pc=800001b4] Receive a cmd from core, cmd[00000000] = 0000000000000000000000000000000000000000000000000000000000000001
[SYSTEM][cycle=         54][pc=800001b4] Receive exit command 0000000000000000000000000000000000000000000000000000000000000001, exit.
[SYSTEM][PERF]Total         48 cycles.
[SYSTEM][PERF]Total         92 instructions.
[SYSTEM][PERF]Total          0 times cancel.MPKI 0.000000
[SYSTEM][BP]Tage error:     0, BTB error:     0, RAS error:     0, RAS miss:     0, Ind error:     0.
[SYSTEM][BP]BP2 chgflw:     0, RAS chgflw:     0.
[SYSTEM][BP]Tage update num:    10, Real commit:    11, Real tage err:    11.
[SYSTEM][ENTRY_USE]Fetch entry 0 use         31.
[SYSTEM][ENTRY_USE]Fetch entry 1 use         23.
[SYSTEM][ENTRY_USE]Fetch entry 2 use         19.
[SYSTEM][ENTRY_USE]Fetch entry 3 use         14.
[SYSTEM][LSU]Memory req cycle num          0.
[SYSTEM][COMMIT]MAX use  17.
[SYSTEM][INT_RF]MAX use  43.
[SYSTEM][FP_RF]MAX use  35.
[SYSTEM][LSU]MAX use  2.
[SYSTEM][STQ]MAX use   3.
[SYSTEM][LDQ]MAX use   0.
[SYSTEM] phy_lock                       0                   0                   0                   0
[SYSTEM] eu_hazard                      0
[SYSTEM] reg_hazard                    59
[SYSTEM] in-order                      41
[SYSTEM] 1->eu_hazard
[SYSTEM] 2->           reg_hazard
[SYSTEM] 3->eu_hazard  reg_hazard
[SYSTEM] 4->                       in-order
[SYSTEM] 5->eu_hazard              in-order
[SYSTEM] 6->           reg_hazard  in-order
[SYSTEM] 7->eu_hazard  reg_hazard  in-order
+----------------+---------------+---------------+---------------+---------------+---------------+---------------+---------------+---------------+
|                |  fetch empty  |       1       |       2       |       3       |       4       |       5       |       6       |       7       |
+----------------+---------------+---------------+---------------+---------------+---------------+---------------+---------------+---------------+
|    Channel 0   |       9       |       0       |      18       |       0       |       0       |       0       |       0       |       0       |
+----------------+---------------+---------------+---------------+---------------+---------------+---------------+---------------+---------------+
|    Channel 1   |       9       |       0       |       3       |       0       |      10       |       0       |       8       |       0       |
+----------------+---------------+---------------+---------------+---------------+---------------+---------------+---------------+---------------+
|    Channel 2   |       9       |       0       |       2       |       0       |       1       |       0       |      10       |       0       |
+----------------+---------------+---------------+---------------+---------------+---------------+---------------+---------------+---------------+
|    Channel 3   |       9       |       0       |       8       |       0       |       2       |       0       |      10       |       0       |
+----------------+---------------+---------------+---------------+---------------+---------------+---------------+---------------+---------------+

 | ----- E N T R Y  0 ----- | ----- E N T R Y  1 ----- | ----- E N T R Y  2 ----- | ----- E N T R Y  3 ----- |
 |                          |                          |                          |                          | 
 |        *                 |                          |                          |                          | 
 |        *                 |                          |                          |                          | 
 |        *                 |                          |                          |                          | 
 |        *                 |                          |                          |                          | 
 |        *                 |                          |                          |                          | 
 |        *                 |                          |                          |                          | 
 |        *                 |                          |                          |                          | 
 |        *                 |                          |                          |                          | 
 |        *                 |                          |                          |                          | 
 |        *                 |              *           |                    *     |                    *     | 
 |  *     *                 |  *           *           |  *                 *     |  *                 *     | 
 |  *     *                 |  *           *           |  *                 *     |  *                 *     | 
 |  *     *                 |  *           *     *     |  *                 *     |  *     *           *     | 
 |  *     *                 |  *           *     *     |  *                 *     |  *     *           *     | 
 |  *     *                 |  *           *     *     |  *                 *     |  *     *           *     | 
 |  *     *                 |  *           *     *     |  *                 *     |  *     *           *     | 
 |  *     *                 |  *           *     *     |  *                 *     |  *     *           *     | 
 |  *     *                 |  *     *     *     *     |  *                 *     |  *     *           *     | 
 |  *     *                 |  *     *     *     *     |  *     *           *     |  *     *     *     *     | 
 |  *     *                 |  *     *     *     *     |  *     *     *     *     |  *     *     *     *     | 
 |  0  1  2  3  4  5  6  7  |  0  1  2  3  4  5  6  7  |  0  1  2  3  4  5  6  7  |  0  1  2  3  4  5  6  7  | 
receive exit signal 0, success exit.
$finish called from file "/data/usr/xuemy/try_scalar/try_scalar/rtl/toy_env_slv.sv", line 579.
$finish at simulation time                 1070
           V C S   S i m u l a t i o n   R e p o r t 
Time: 1070
CPU Time:      0.450 seconds;       Data structure size:   0.9Mb
Wed Oct 30 13:06:59 2024
<end of output>
Test time =   2.99 sec
----------------------------------------------------------
Test Passed.
"rv32um-p-div" end time: Oct 30 13:06 CST
"rv32um-p-div" time elapsed: 00:00:02
----------------------------------------------------------

8/60 Testing: rv32ui-p-bgeu
8/60 Test: rv32ui-p-bgeu
Command: "/data/usr/xuemy/try_scalar/try_scalar/work/rtl_compile/simv" "-exitstatus" "+HEX=/tools/hurj/riscv-proj/isa/rv32ui-p-bgeu_itcm.hex" "+DATA_HEX=/tools/hurj/riscv-proj/isa/rv32ui-p-bgeu_data.hex" "+TIMEOUT=12000"
Directory: /data/usr/xuemy/try_scalar/try_scalar/rv_isa_test/build
"rv32ui-p-bgeu" start time: Oct 30 13:06 CST
Output:
----------------------------------------------------------
Chronologic VCS simulator copyright 1991-2022
Contains Synopsys proprietary information.
Compiler version T-2022.06_Full64; Runtime version T-2022.06_Full64;  Oct 30 13:06 2024
[SYSTEM] Timeout threshold is set to 12000 cycles.
WARNING: toy_top.u_toy_scalar.u_core.u_mext.metx_dw_div.U1.DWF_div_tc:
 at time = 10: Division by zero.
WARNING: toy_top.u_toy_scalar.u_core.u_mext.metx_dw_div.U1.DWF_rem_tc:
 at time = 10: Division by zero.
[SYSTEM][cycle=        505][pc=80000414] Receive a cmd from core, cmd[00000000] = 0000000000000000000000000000000000000000000000000000000000000001
[SYSTEM][cycle=        505][pc=80000414] Receive exit command 0000000000000000000000000000000000000000000000000000000000000001, exit.
[SYSTEM][PERF]Total        499 cycles.
[SYSTEM][PERF]Total        329 instructions.
[SYSTEM][PERF]Total         38 times cancel.MPKI 115.501520
[SYSTEM][BP]Tage error:     0, BTB error:    38, RAS error:     0, RAS miss:     0, Ind error:     0.
[SYSTEM][BP]BP2 chgflw:     3, RAS chgflw:     0.
[SYSTEM][BP]Tage update num:    78, Real commit:    79, Real tage err:    44.
[SYSTEM][ENTRY_USE]Fetch entry 0 use        167.
[SYSTEM][ENTRY_USE]Fetch entry 1 use        153.
[SYSTEM][ENTRY_USE]Fetch entry 2 use        144.
[SYSTEM][ENTRY_USE]Fetch entry 3 use        120.
[SYSTEM][LSU]Memory req cycle num          0.
[SYSTEM][COMMIT]MAX use  18.
[SYSTEM][INT_RF]MAX use  43.
[SYSTEM][FP_RF]MAX use  35.
[SYSTEM][LSU]MAX use  2.
[SYSTEM][STQ]MAX use   2.
[SYSTEM][LDQ]MAX use   0.
[SYSTEM] phy_lock                       0                   0                   0                   0
[SYSTEM] eu_hazard                      0
[SYSTEM] reg_hazard                   108
[SYSTEM] in-order                      61
[SYSTEM] 1->eu_hazard
[SYSTEM] 2->           reg_hazard
[SYSTEM] 3->eu_hazard  reg_hazard
[SYSTEM] 4->                       in-order
[SYSTEM] 5->eu_hazard              in-order
[SYSTEM] 6->           reg_hazard  in-order
[SYSTEM] 7->eu_hazard  reg_hazard  in-order
+----------------+---------------+---------------+---------------+---------------+---------------+---------------+---------------+---------------+
|                |  fetch empty  |       1       |       2       |       3       |       4       |       5       |       6       |       7       |
+----------------+---------------+---------------+---------------+---------------+---------------+---------------+---------------+---------------+
|    Channel 0   |      320      |       0       |       0       |       0       |       0       |       0       |       0       |       0       |
+----------------+---------------+---------------+---------------+---------------+---------------+---------------+---------------+---------------+
|    Channel 1   |      334      |       0       |      22       |       0       |       0       |       0       |       0       |       0       |
+----------------+---------------+---------------+---------------+---------------+---------------+---------------+---------------+---------------+
|    Channel 2   |      339      |       0       |      40       |       0       |      18       |       0       |       2       |       0       |
+----------------+---------------+---------------+---------------+---------------+---------------+---------------+---------------+---------------+
|    Channel 3   |      349      |       0       |      41       |       0       |      38       |       0       |       3       |       0       |
+----------------+---------------+---------------+---------------+---------------+---------------+---------------+---------------+---------------+

 | ----- E N T R Y  0 ----- | ----- E N T R Y  1 ----- | ----- E N T R Y  2 ----- | ----- E N T R Y  3 ----- |
 |                          |                          |                          |                          | 
 |                          |                          |                          |  *                       | 
 |                          |  *                       |  *                       |  *                       | 
 |  *                       |  *                       |  *                       |  *                       | 
 |  *                       |  *                       |  *                       |  *                       | 
 |  *                       |  *                       |  *                       |  *                       | 
 |  *                       |  *                       |  *                       |  *                       | 
 |  *                       |  *                       |  *                       |  *                       | 
 |  *                       |  *                       |  *                       |  *                       | 
 |  *                       |  *                       |  *                       |  *                       | 
 |  *                       |  *                       |  *                       |  *                       | 
 |  *                       |  *                       |  *                       |  *                       | 
 |  *                       |  *                       |  *                       |  *                       | 
 |  *                       |  *                       |  *                       |  *                       | 
 |  *                       |  *                       |  *                       |  *                       | 
 |  *                       |  *                       |  *                       |  *                       | 
 |  *                       |  *                       |  *                       |  *                       | 
 |  *                       |  *                       |  *                       |  *                       | 
 |  *                       |  *                       |  *                       |  *                       | 
 |  *                       |  *                       |  *     *                 |  *     *     *           | 
 |  *                       |  *     *                 |  *     *     *           |  *     *     *           | 
 |  0  1  2  3  4  5  6  7  |  0  1  2  3  4  5  6  7  |  0  1  2  3  4  5  6  7  |  0  1  2  3  4  5  6  7  | 
receive exit signal 0, success exit.
$finish called from file "/data/usr/xuemy/try_scalar/try_scalar/rtl/toy_env_slv.sv", line 579.
$finish at simulation time                10090
           V C S   S i m u l a t i o n   R e p o r t 
Time: 10090
CPU Time:      0.650 seconds;       Data structure size:   0.9Mb
Wed Oct 30 13:06:59 2024
<end of output>
Test time =   3.08 sec
----------------------------------------------------------
Test Passed.
"rv32ui-p-bgeu" end time: Oct 30 13:06 CST
"rv32ui-p-bgeu" time elapsed: 00:00:03
----------------------------------------------------------

46/60 Testing: rv32um-p-mulhu
46/60 Test: rv32um-p-mulhu
Command: "/data/usr/xuemy/try_scalar/try_scalar/work/rtl_compile/simv" "-exitstatus" "+HEX=/tools/hurj/riscv-proj/isa/rv32um-p-mulhu_itcm.hex" "+DATA_HEX=/tools/hurj/riscv-proj/isa/rv32um-p-mulhu_data.hex" "+TIMEOUT=12000"
Directory: /data/usr/xuemy/try_scalar/try_scalar/rv_isa_test/build
"rv32um-p-mulhu" start time: Oct 30 13:06 CST
Output:
----------------------------------------------------------
Chronologic VCS simulator copyright 1991-2022
Contains Synopsys proprietary information.
Compiler version T-2022.06_Full64; Runtime version T-2022.06_Full64;  Oct 30 13:06 2024
[SYSTEM] Timeout threshold is set to 12000 cycles.
WARNING: toy_top.u_toy_scalar.u_core.u_mext.metx_dw_div.U1.DWF_div_tc:
 at time = 10: Division by zero.
WARNING: toy_top.u_toy_scalar.u_core.u_mext.metx_dw_div.U1.DWF_rem_tc:
 at time = 10: Division by zero.
[SYSTEM][cycle=        396][pc=8000058c] Receive a cmd from core, cmd[00000000] = 0000000000000000000000000000000000000000000000000000000000000001
[SYSTEM][cycle=        396][pc=8000058c] Receive exit command 0000000000000000000000000000000000000000000000000000000000000001, exit.
[SYSTEM][PERF]Total        390 cycles.
[SYSTEM][PERF]Total        453 instructions.
[SYSTEM][PERF]Total         15 times cancel.MPKI 33.112583
[SYSTEM][BP]Tage error:     0, BTB error:    15, RAS error:     0, RAS miss:     0, Ind error:     0.
[SYSTEM][BP]BP2 chgflw:     0, RAS chgflw:     0.
[SYSTEM][BP]Tage update num:    69, Real commit:    70, Real tage err:    51.
[SYSTEM][ENTRY_USE]Fetch entry 0 use        160.
[SYSTEM][ENTRY_USE]Fetch entry 1 use        136.
[SYSTEM][ENTRY_USE]Fetch entry 2 use        116.
[SYSTEM][ENTRY_USE]Fetch entry 3 use         91.
[SYSTEM][LSU]Memory req cycle num          0.
[SYSTEM][COMMIT]MAX use  21.
[SYSTEM][INT_RF]MAX use  46.
[SYSTEM][FP_RF]MAX use  35.
[SYSTEM][LSU]MAX use  2.
[SYSTEM][STQ]MAX use   2.
[SYSTEM][LDQ]MAX use   0.
[SYSTEM] phy_lock                       0                   0                   0                   0
[SYSTEM] eu_hazard                      0
[SYSTEM] reg_hazard                   253
[SYSTEM] in-order                     159
[SYSTEM] 1->eu_hazard
[SYSTEM] 2->           reg_hazard
[SYSTEM] 3->eu_hazard  reg_hazard
[SYSTEM] 4->                       in-order
[SYSTEM] 5->eu_hazard              in-order
[SYSTEM] 6->           reg_hazard  in-order
[SYSTEM] 7->eu_hazard  reg_hazard  in-order
+----------------+---------------+---------------+---------------+---------------+---------------+---------------+---------------+---------------+
|                |  fetch empty  |       1       |       2       |       3       |       4       |       5       |       6       |       7       |
+----------------+---------------+---------------+---------------+---------------+---------------+---------------+---------------+---------------+
|    Channel 0   |      174      |       0       |      41       |       0       |       0       |       0       |       0       |       0       |
+----------------+---------------+---------------+---------------+---------------+---------------+---------------+---------------+---------------+
|    Channel 1   |      181      |       0       |      42       |       0       |      31       |       0       |      10       |       0       |
+----------------+---------------+---------------+---------------+---------------+---------------+---------------+---------------+---------------+
|    Channel 2   |      184      |       0       |      55       |       0       |      40       |       0       |      12       |       0       |
+----------------+---------------+---------------+---------------+---------------+---------------+---------------+---------------+---------------+
|    Channel 3   |      189      |       0       |      57       |       0       |      30       |       0       |      36       |       0       |
+----------------+---------------+---------------+---------------+---------------+---------------+---------------+---------------+---------------+

 | ----- E N T R Y  0 ----- | ----- E N T R Y  1 ----- | ----- E N T R Y  2 ----- | ----- E N T R Y  3 ----- |
 |                          |                          |                          |                          | 
 |                          |                          |                          |  *                       | 
 |                          |  *                       |  *                       |  *                       | 
 |  *                       |  *                       |  *                       |  *                       | 
 |  *                       |  *                       |  *                       |  *                       | 
 |  *                       |  *                       |  *                       |  *                       | 
 |  *                       |  *                       |  *                       |  *                       | 
 |  *                       |  *                       |  *                       |  *                       | 
 |  *                       |  *                       |  *                       |  *                       | 
 |  *                       |  *                       |  *                       |  *                       | 
 |  *                       |  *                       |  *                       |  *                       | 
 |  *                       |  *                       |  *                       |  *                       | 
 |  *                       |  *                       |  *                       |  *                       | 
 |  *                       |  *                       |  *                       |  *                       | 
 |  *                       |  *                       |  *                       |  *                       | 
 |  *                       |  *                       |  *                       |  *     *                 | 
 |  *                       |  *                       |  *     *                 |  *     *                 | 
 |  *     *                 |  *     *                 |  *     *     *           |  *     *                 | 
 |  *     *                 |  *     *     *           |  *     *     *           |  *     *     *     *     | 
 |  *     *                 |  *     *     *           |  *     *     *           |  *     *     *     *     | 
 |  *     *                 |  *     *     *     *     |  *     *     *     *     |  *     *     *     *     | 
 |  0  1  2  3  4  5  6  7  |  0  1  2  3  4  5  6  7  |  0  1  2  3  4  5  6  7  |  0  1  2  3  4  5  6  7  | 
receive exit signal 0, success exit.
$finish called from file "/data/usr/xuemy/try_scalar/try_scalar/rtl/toy_env_slv.sv", line 579.
$finish at simulation time                 7910
           V C S   S i m u l a t i o n   R e p o r t 
Time: 7910
CPU Time:      0.560 seconds;       Data structure size:   0.9Mb
Wed Oct 30 13:06:59 2024
<end of output>
Test time =   3.05 sec
----------------------------------------------------------
Test Passed.
"rv32um-p-mulhu" end time: Oct 30 13:06 CST
"rv32um-p-mulhu" time elapsed: 00:00:03
----------------------------------------------------------

33/60 Testing: rv32ui-p-sra
33/60 Test: rv32ui-p-sra
Command: "/data/usr/xuemy/try_scalar/try_scalar/work/rtl_compile/simv" "-exitstatus" "+HEX=/tools/hurj/riscv-proj/isa/rv32ui-p-sra_itcm.hex" "+DATA_HEX=/tools/hurj/riscv-proj/isa/rv32ui-p-sra_data.hex" "+TIMEOUT=12000"
Directory: /data/usr/xuemy/try_scalar/try_scalar/rv_isa_test/build
"rv32ui-p-sra" start time: Oct 30 13:06 CST
Output:
----------------------------------------------------------
Chronologic VCS simulator copyright 1991-2022
Contains Synopsys proprietary information.
Compiler version T-2022.06_Full64; Runtime version T-2022.06_Full64;  Oct 30 13:06 2024
[SYSTEM] Timeout threshold is set to 12000 cycles.
WARNING: toy_top.u_toy_scalar.u_core.u_mext.metx_dw_div.U1.DWF_div_tc:
 at time = 10: Division by zero.
WARNING: toy_top.u_toy_scalar.u_core.u_mext.metx_dw_div.U1.DWF_rem_tc:
 at time = 10: Division by zero.
[SYSTEM][cycle=        364][pc=80000674] Receive a cmd from core, cmd[00000000] = 0000000000000000000000000000000000000000000000000000000000000001
[SYSTEM][cycle=        364][pc=80000674] Receive exit command 0000000000000000000000000000000000000000000000000000000000000001, exit.
[SYSTEM][PERF]Total        358 cycles.
[SYSTEM][PERF]Total        507 instructions.
[SYSTEM][PERF]Total         15 times cancel.MPKI 29.585799
[SYSTEM][BP]Tage error:     0, BTB error:    15, RAS error:     0, RAS miss:     0, Ind error:     0.
[SYSTEM][BP]BP2 chgflw:     0, RAS chgflw:     0.
[SYSTEM][BP]Tage update num:    75, Real commit:    75, Real tage err:    60.
[SYSTEM][ENTRY_USE]Fetch entry 0 use        164.
[SYSTEM][ENTRY_USE]Fetch entry 1 use        138.
[SYSTEM][ENTRY_USE]Fetch entry 2 use        120.
[SYSTEM][ENTRY_USE]Fetch entry 3 use        106.
[SYSTEM][LSU]Memory req cycle num          0.
[SYSTEM][COMMIT]MAX use  18.
[SYSTEM][INT_RF]MAX use  43.
[SYSTEM][FP_RF]MAX use  35.
[SYSTEM][LSU]MAX use  3.
[SYSTEM][STQ]MAX use   2.
[SYSTEM][LDQ]MAX use   0.
[SYSTEM] phy_lock                       0                   0                   0                   0
[SYSTEM] eu_hazard                      0
[SYSTEM] reg_hazard                   157
[SYSTEM] in-order                     103
[SYSTEM] 1->eu_hazard
[SYSTEM] 2->           reg_hazard
[SYSTEM] 3->eu_hazard  reg_hazard
[SYSTEM] 4->                       in-order
[SYSTEM] 5->eu_hazard              in-order
[SYSTEM] 6->           reg_hazard  in-order
[SYSTEM] 7->eu_hazard  reg_hazard  in-order
+----------------+---------------+---------------+---------------+---------------+---------------+---------------+---------------+---------------+
|                |  fetch empty  |       1       |       2       |       3       |       4       |       5       |       6       |       7       |
+----------------+---------------+---------------+---------------+---------------+---------------+---------------+---------------+---------------+
|    Channel 0   |      160      |       0       |       0       |       0       |       0       |       0       |       0       |       0       |
+----------------+---------------+---------------+---------------+---------------+---------------+---------------+---------------+---------------+
|    Channel 1   |      164      |       0       |      33       |       0       |       0       |       0       |       0       |       0       |
+----------------+---------------+---------------+---------------+---------------+---------------+---------------+---------------+---------------+
|    Channel 2   |      171      |       0       |      69       |       0       |      32       |       0       |       1       |       0       |
+----------------+---------------+---------------+---------------+---------------+---------------+---------------+---------------+---------------+
|    Channel 3   |      172      |       0       |      49       |       0       |      65       |       0       |       5       |       0       |
+----------------+---------------+---------------+---------------+---------------+---------------+---------------+---------------+---------------+

 | ----- E N T R Y  0 ----- | ----- E N T R Y  1 ----- | ----- E N T R Y  2 ----- | ----- E N T R Y  3 ----- |
 |                          |                          |                          |                          | 
 |                          |                          |                          |  *                       | 
 |                          |  *                       |  *                       |  *                       | 
 |  *                       |  *                       |  *                       |  *                       | 
 |  *                       |  *                       |  *                       |  *                       | 
 |  *                       |  *                       |  *                       |  *                       | 
 |  *                       |  *                       |  *                       |  *                       | 
 |  *                       |  *                       |  *                       |  *                       | 
 |  *                       |  *                       |  *                       |  *                       | 
 |  *                       |  *                       |  *                       |  *                       | 
 |  *                       |  *                       |  *                       |  *                       | 
 |  *                       |  *                       |  *                       |  *                       | 
 |  *                       |  *                       |  *                       |  *                       | 
 |  *                       |  *                       |  *     *                 |  *                       | 
 |  *                       |  *                       |  *     *                 |  *           *           | 
 |  *                       |  *                       |  *     *                 |  *           *           | 
 |  *                       |  *                       |  *     *                 |  *     *     *           | 
 |  *                       |  *                       |  *     *                 |  *     *     *           | 
 |  *                       |  *     *                 |  *     *     *           |  *     *     *           | 
 |  *                       |  *     *                 |  *     *     *           |  *     *     *           | 
 |  *                       |  *     *                 |  *     *     *           |  *     *     *           | 
 |  0  1  2  3  4  5  6  7  |  0  1  2  3  4  5  6  7  |  0  1  2  3  4  5  6  7  |  0  1  2  3  4  5  6  7  | 
receive exit signal 0, success exit.
$finish called from file "/data/usr/xuemy/try_scalar/try_scalar/rtl/toy_env_slv.sv", line 579.
$finish at simulation time                 7270
           V C S   S i m u l a t i o n   R e p o r t 
Time: 7270
CPU Time:      0.580 seconds;       Data structure size:   0.9Mb
Wed Oct 30 13:06:59 2024
<end of output>
Test time =   3.05 sec
----------------------------------------------------------
Test Passed.
"rv32ui-p-sra" end time: Oct 30 13:06 CST
"rv32ui-p-sra" time elapsed: 00:00:03
----------------------------------------------------------

51/60 Testing: rv32uf-p-fclass
51/60 Test: rv32uf-p-fclass
Command: "/data/usr/xuemy/try_scalar/try_scalar/work/rtl_compile/simv" "-exitstatus" "+HEX=/tools/hurj/riscv-proj/isa/rv32uf-p-fclass_itcm.hex" "+DATA_HEX=/tools/hurj/riscv-proj/isa/rv32uf-p-fclass_data.hex" "+TIMEOUT=12000"
Directory: /data/usr/xuemy/try_scalar/try_scalar/rv_isa_test/build
"rv32uf-p-fclass" start time: Oct 30 13:06 CST
Output:
----------------------------------------------------------
Chronologic VCS simulator copyright 1991-2022
Contains Synopsys proprietary information.
Compiler version T-2022.06_Full64; Runtime version T-2022.06_Full64;  Oct 30 13:06 2024
[SYSTEM] Timeout threshold is set to 12000 cycles.
WARNING: toy_top.u_toy_scalar.u_core.u_mext.metx_dw_div.U1.DWF_div_tc:
 at time = 10: Division by zero.
WARNING: toy_top.u_toy_scalar.u_core.u_mext.metx_dw_div.U1.DWF_rem_tc:
 at time = 10: Division by zero.
[SYSTEM][cycle=        219][pc=80000204] Receive a cmd from core, cmd[00000000] = 0000000000000000000000000000000000000000000000000000000000000001
[SYSTEM][cycle=        219][pc=80000204] Receive exit command 0000000000000000000000000000000000000000000000000000000000000001, exit.
[SYSTEM][PERF]Total        213 cycles.
[SYSTEM][PERF]Total        101 instructions.
[SYSTEM][PERF]Total          0 times cancel.MPKI 0.000000
[SYSTEM][BP]Tage error:     0, BTB error:     0, RAS error:     0, RAS miss:     0, Ind error:     0.
[SYSTEM][BP]BP2 chgflw:     0, RAS chgflw:     0.
[SYSTEM][BP]Tage update num:    11, Real commit:    12, Real tage err:    12.
[SYSTEM][ENTRY_USE]Fetch entry 0 use         49.
[SYSTEM][ENTRY_USE]Fetch entry 1 use         33.
[SYSTEM][ENTRY_USE]Fetch entry 2 use         20.
[SYSTEM][ENTRY_USE]Fetch entry 3 use         11.
[SYSTEM][LSU]Memory req cycle num          0.
[SYSTEM][COMMIT]MAX use  35.
[SYSTEM][INT_RF]MAX use  53.
[SYSTEM][FP_RF]MAX use  36.
[SYSTEM][LSU]MAX use  2.
[SYSTEM][STQ]MAX use   6.
[SYSTEM][LDQ]MAX use   0.
[SYSTEM] phy_lock                       0                   0                   0                   0
[SYSTEM] eu_hazard                    234
[SYSTEM] reg_hazard                   695
[SYSTEM] in-order                     513
[SYSTEM] 1->eu_hazard
[SYSTEM] 2->           reg_hazard
[SYSTEM] 3->eu_hazard  reg_hazard
[SYSTEM] 4->                       in-order
[SYSTEM] 5->eu_hazard              in-order
[SYSTEM] 6->           reg_hazard  in-order
[SYSTEM] 7->eu_hazard  reg_hazard  in-order
+----------------+---------------+---------------+---------------+---------------+---------------+---------------+---------------+---------------+
|                |  fetch empty  |       1       |       2       |       3       |       4       |       5       |       6       |       7       |
+----------------+---------------+---------------+---------------+---------------+---------------+---------------+---------------+---------------+
|    Channel 0   |       9       |       0       |      100      |      60       |       0       |       0       |       0       |       0       |
+----------------+---------------+---------------+---------------+---------------+---------------+---------------+---------------+---------------+
|    Channel 1   |       9       |       0       |      16       |      10       |       8       |       0       |      152      |       0       |
+----------------+---------------+---------------+---------------+---------------+---------------+---------------+---------------+---------------+
|    Channel 2   |       9       |       0       |      17       |       0       |      20       |       0       |      118      |      40       |
+----------------+---------------+---------------+---------------+---------------+---------------+---------------+---------------+---------------+
|    Channel 3   |       9       |       0       |      15       |       0       |       8       |       0       |      43       |      124      |
+----------------+---------------+---------------+---------------+---------------+---------------+---------------+---------------+---------------+

 | ----- E N T R Y  0 ----- | ----- E N T R Y  1 ----- | ----- E N T R Y  2 ----- | ----- E N T R Y  3 ----- |
 |                          |                          |                          |                          | 
 |                          |                    *     |                          |                          | 
 |                          |                    *     |                          |                          | 
 |                          |                    *     |                          |                          | 
 |                          |                    *     |                          |                          | 
 |                          |                    *     |                          |                       *  | 
 |                          |                    *     |                    *     |                       *  | 
 |                          |                    *     |                    *     |                       *  | 
 |        *                 |                    *     |                    *     |                       *  | 
 |        *                 |                    *     |                    *     |                       *  | 
 |        *                 |                    *     |                    *     |                       *  | 
 |        *                 |                    *     |                    *     |                       *  | 
 |        *                 |                    *     |                    *     |                       *  | 
 |        *                 |                    *     |                    *     |                       *  | 
 |        *  *              |                    *     |                    *     |                       *  | 
 |        *  *              |                    *     |                    *     |                       *  | 
 |        *  *              |                    *     |                    *  *  |                    *  *  | 
 |        *  *              |                    *     |                    *  *  |                    *  *  | 
 |        *  *              |                    *     |                    *  *  |                    *  *  | 
 |        *  *              |        *           *     |        *     *     *  *  |                    *  *  | 
 |  *     *  *              |  *     *  *  *     *     |  *     *     *     *  *  |  *     *     *     *  *  | 
 |  0  1  2  3  4  5  6  7  |  0  1  2  3  4  5  6  7  |  0  1  2  3  4  5  6  7  |  0  1  2  3  4  5  6  7  | 
receive exit signal 0, success exit.
$finish called from file "/data/usr/xuemy/try_scalar/try_scalar/rtl/toy_env_slv.sv", line 579.
$finish at simulation time                 4370
           V C S   S i m u l a t i o n   R e p o r t 
Time: 4370
CPU Time:      0.340 seconds;       Data structure size:   0.9Mb
Wed Oct 30 13:06:59 2024
<end of output>
Test time =   3.17 sec
----------------------------------------------------------
Test Passed.
"rv32uf-p-fclass" end time: Oct 30 13:06 CST
"rv32uf-p-fclass" time elapsed: 00:00:03
----------------------------------------------------------

38/60 Testing: rv32ui-p-sw
38/60 Test: rv32ui-p-sw
Command: "/data/usr/xuemy/try_scalar/try_scalar/work/rtl_compile/simv" "-exitstatus" "+HEX=/tools/hurj/riscv-proj/isa/rv32ui-p-sw_itcm.hex" "+DATA_HEX=/tools/hurj/riscv-proj/isa/rv32ui-p-sw_data.hex" "+TIMEOUT=12000"
Directory: /data/usr/xuemy/try_scalar/try_scalar/rv_isa_test/build
"rv32ui-p-sw" start time: Oct 30 13:06 CST
Output:
----------------------------------------------------------
Chronologic VCS simulator copyright 1991-2022
Contains Synopsys proprietary information.
Compiler version T-2022.06_Full64; Runtime version T-2022.06_Full64;  Oct 30 13:06 2024
[SYSTEM] Timeout threshold is set to 12000 cycles.
WARNING: toy_top.u_toy_scalar.u_core.u_mext.metx_dw_div.U1.DWF_div_tc:
 at time = 10: Division by zero.
WARNING: toy_top.u_toy_scalar.u_core.u_mext.metx_dw_div.U1.DWF_rem_tc:
 at time = 10: Division by zero.
[SYSTEM][cycle=        534][pc=800005d0] Receive a cmd from core, cmd[00000000] = 0000000000000000000000000000000000000000000000000000000000000001
[SYSTEM][cycle=        534][pc=800005d0] Receive exit command 0000000000000000000000000000000000000000000000000000000000000001, exit.
[SYSTEM][PERF]Total        528 cycles.
[SYSTEM][PERF]Total        509 instructions.
[SYSTEM][PERF]Total         20 times cancel.MPKI 39.292731
[SYSTEM][BP]Tage error:     0, BTB error:    20, RAS error:     0, RAS miss:     0, Ind error:     0.
[SYSTEM][BP]BP2 chgflw:     0, RAS chgflw:     0.
[SYSTEM][BP]Tage update num:    79, Real commit:    80, Real tage err:    54.
[SYSTEM][ENTRY_USE]Fetch entry 0 use        162.
[SYSTEM][ENTRY_USE]Fetch entry 1 use        147.
[SYSTEM][ENTRY_USE]Fetch entry 2 use        122.
[SYSTEM][ENTRY_USE]Fetch entry 3 use         98.
[SYSTEM][LSU]Memory req cycle num         36.
[SYSTEM][COMMIT]MAX use  19.
[SYSTEM][INT_RF]MAX use  43.
[SYSTEM][FP_RF]MAX use  35.
[SYSTEM][LSU]MAX use  2.
[SYSTEM][STQ]MAX use   2.
[SYSTEM][LDQ]MAX use   1.
[SYSTEM] phy_lock                       0                   0                   0                   0
[SYSTEM] eu_hazard                      0
[SYSTEM] reg_hazard                   245
[SYSTEM] in-order                     144
[SYSTEM] 1->eu_hazard
[SYSTEM] 2->           reg_hazard
[SYSTEM] 3->eu_hazard  reg_hazard
[SYSTEM] 4->                       in-order
[SYSTEM] 5->eu_hazard              in-order
[SYSTEM] 6->           reg_hazard  in-order
[SYSTEM] 7->eu_hazard  reg_hazard  in-order
+----------------+---------------+---------------+---------------+---------------+---------------+---------------+---------------+---------------+
|                |  fetch empty  |       1       |       2       |       3       |       4       |       5       |       6       |       7       |
+----------------+---------------+---------------+---------------+---------------+---------------+---------------+---------------+---------------+
|    Channel 0   |      300      |       0       |      13       |       0       |       0       |       0       |       0       |       0       |
+----------------+---------------+---------------+---------------+---------------+---------------+---------------+---------------+---------------+
|    Channel 1   |      311      |       0       |      87       |       0       |      13       |       0       |       0       |       0       |
+----------------+---------------+---------------+---------------+---------------+---------------+---------------+---------------+---------------+
|    Channel 2   |      319      |       0       |      34       |       0       |      66       |       0       |      14       |       0       |
+----------------+---------------+---------------+---------------+---------------+---------------+---------------+---------------+---------------+
|    Channel 3   |      324      |       0       |      72       |       0       |      26       |       0       |      25       |       0       |
+----------------+---------------+---------------+---------------+---------------+---------------+---------------+---------------+---------------+

 | ----- E N T R Y  0 ----- | ----- E N T R Y  1 ----- | ----- E N T R Y  2 ----- | ----- E N T R Y  3 ----- |
 |                          |                          |                          |                          | 
 |                          |                          |                          |  *                       | 
 |                          |  *                       |  *                       |  *                       | 
 |  *                       |  *                       |  *                       |  *                       | 
 |  *                       |  *                       |  *                       |  *                       | 
 |  *                       |  *                       |  *                       |  *                       | 
 |  *                       |  *                       |  *                       |  *                       | 
 |  *                       |  *                       |  *                       |  *                       | 
 |  *                       |  *                       |  *                       |  *                       | 
 |  *                       |  *                       |  *                       |  *                       | 
 |  *                       |  *                       |  *                       |  *                       | 
 |  *                       |  *                       |  *                       |  *                       | 
 |  *                       |  *                       |  *                       |  *                       | 
 |  *                       |  *                       |  *                       |  *                       | 
 |  *                       |  *                       |  *                       |  *                       | 
 |  *                       |  *                       |  *                       |  *                       | 
 |  *                       |  *     *                 |  *                       |  *                       | 
 |  *                       |  *     *                 |  *           *           |  *     *                 | 
 |  *                       |  *     *                 |  *           *           |  *     *                 | 
 |  *                       |  *     *                 |  *     *     *           |  *     *                 | 
 |  *                       |  *     *                 |  *     *     *           |  *     *     *     *     | 
 |  0  1  2  3  4  5  6  7  |  0  1  2  3  4  5  6  7  |  0  1  2  3  4  5  6  7  |  0  1  2  3  4  5  6  7  | 
receive exit signal 0, success exit.
$finish called from file "/data/usr/xuemy/try_scalar/try_scalar/rtl/toy_env_slv.sv", line 579.
$finish at simulation time                10670
           V C S   S i m u l a t i o n   R e p o r t 
Time: 10670
CPU Time:      0.630 seconds;       Data structure size:   0.9Mb
Wed Oct 30 13:06:59 2024
<end of output>
Test time =   3.60 sec
----------------------------------------------------------
Test Passed.
"rv32ui-p-sw" end time: Oct 30 13:06 CST
"rv32ui-p-sw" time elapsed: 00:00:03
----------------------------------------------------------

15/60 Testing: rv32ui-p-lb
15/60 Test: rv32ui-p-lb
Command: "/data/usr/xuemy/try_scalar/try_scalar/work/rtl_compile/simv" "-exitstatus" "+HEX=/tools/hurj/riscv-proj/isa/rv32ui-p-lb_itcm.hex" "+DATA_HEX=/tools/hurj/riscv-proj/isa/rv32ui-p-lb_data.hex" "+TIMEOUT=12000"
Directory: /data/usr/xuemy/try_scalar/try_scalar/rv_isa_test/build
"rv32ui-p-lb" start time: Oct 30 13:06 CST
Output:
----------------------------------------------------------
Chronologic VCS simulator copyright 1991-2022
Contains Synopsys proprietary information.
Compiler version T-2022.06_Full64; Runtime version T-2022.06_Full64;  Oct 30 13:06 2024
[SYSTEM] Timeout threshold is set to 12000 cycles.
WARNING: toy_top.u_toy_scalar.u_core.u_mext.metx_dw_div.U1.DWF_div_tc:
 at time = 10: Division by zero.
WARNING: toy_top.u_toy_scalar.u_core.u_mext.metx_dw_div.U1.DWF_rem_tc:
 at time = 10: Division by zero.
[SYSTEM][cycle=        222][pc=8000032c] Receive a cmd from core, cmd[00000000] = 0000000000000000000000000000000000000000000000000000000000000001
[SYSTEM][cycle=        222][pc=8000032c] Receive exit command 0000000000000000000000000000000000000000000000000000000000000001, exit.
[SYSTEM][PERF]Total        216 cycles.
[SYSTEM][PERF]Total        248 instructions.
[SYSTEM][PERF]Total          6 times cancel.MPKI 24.193548
[SYSTEM][BP]Tage error:     0, BTB error:     6, RAS error:     0, RAS miss:     0, Ind error:     0.
[SYSTEM][BP]BP2 chgflw:     0, RAS chgflw:     0.
[SYSTEM][BP]Tage update num:    36, Real commit:    36, Real tage err:    27.
[SYSTEM][ENTRY_USE]Fetch entry 0 use         86.
[SYSTEM][ENTRY_USE]Fetch entry 1 use         73.
[SYSTEM][ENTRY_USE]Fetch entry 2 use         59.
[SYSTEM][ENTRY_USE]Fetch entry 3 use         47.
[SYSTEM][LSU]Memory req cycle num         24.
[SYSTEM][COMMIT]MAX use  21.
[SYSTEM][INT_RF]MAX use  45.
[SYSTEM][FP_RF]MAX use  35.
[SYSTEM][LSU]MAX use  2.
[SYSTEM][STQ]MAX use   2.
[SYSTEM][LDQ]MAX use   1.
[SYSTEM] phy_lock                       0                   0                   0                   0
[SYSTEM] eu_hazard                      0
[SYSTEM] reg_hazard                   181
[SYSTEM] in-order                     136
[SYSTEM] 1->eu_hazard
[SYSTEM] 2->           reg_hazard
[SYSTEM] 3->eu_hazard  reg_hazard
[SYSTEM] 4->                       in-order
[SYSTEM] 5->eu_hazard              in-order
[SYSTEM] 6->           reg_hazard  in-order
[SYSTEM] 7->eu_hazard  reg_hazard  in-order
+----------------+---------------+---------------+---------------+---------------+---------------+---------------+---------------+---------------+
|                |  fetch empty  |       1       |       2       |       3       |       4       |       5       |       6       |       7       |
+----------------+---------------+---------------+---------------+---------------+---------------+---------------+---------------+---------------+
|    Channel 0   |      90       |       0       |      44       |       0       |       0       |       0       |       0       |       0       |
+----------------+---------------+---------------+---------------+---------------+---------------+---------------+---------------+---------------+
|    Channel 1   |      96       |       0       |      37       |       0       |      31       |       0       |      11       |       0       |
+----------------+---------------+---------------+---------------+---------------+---------------+---------------+---------------+---------------+
|    Channel 2   |      97       |       0       |      37       |       0       |      37       |       0       |      10       |       0       |
+----------------+---------------+---------------+---------------+---------------+---------------+---------------+---------------+---------------+
|    Channel 3   |      99       |       0       |      27       |       0       |      32       |       0       |      15       |       0       |
+----------------+---------------+---------------+---------------+---------------+---------------+---------------+---------------+---------------+

 | ----- E N T R Y  0 ----- | ----- E N T R Y  1 ----- | ----- E N T R Y  2 ----- | ----- E N T R Y  3 ----- |
 |                          |                          |                          |                          | 
 |                          |                          |                          |  *                       | 
 |                          |  *                       |  *                       |  *                       | 
 |  *                       |  *                       |  *                       |  *                       | 
 |  *                       |  *                       |  *                       |  *                       | 
 |  *                       |  *                       |  *                       |  *                       | 
 |  *                       |  *                       |  *                       |  *                       | 
 |  *                       |  *                       |  *                       |  *                       | 
 |  *                       |  *                       |  *                       |  *                       | 
 |  *                       |  *                       |  *                       |  *                       | 
 |  *                       |  *                       |  *                       |  *                       | 
 |  *                       |  *                       |  *                       |  *                       | 
 |  *                       |  *                       |  *                       |  *                       | 
 |  *     *                 |  *                       |  *                       |  *                       | 
 |  *     *                 |  *     *                 |  *     *     *           |  *                       | 
 |  *     *                 |  *     *     *           |  *     *     *           |  *           *           | 
 |  *     *                 |  *     *     *           |  *     *     *           |  *     *     *           | 
 |  *     *                 |  *     *     *           |  *     *     *           |  *     *     *           | 
 |  *     *                 |  *     *     *           |  *     *     *           |  *     *     *     *     | 
 |  *     *                 |  *     *     *     *     |  *     *     *     *     |  *     *     *     *     | 
 |  *     *                 |  *     *     *     *     |  *     *     *     *     |  *     *     *     *     | 
 |  0  1  2  3  4  5  6  7  |  0  1  2  3  4  5  6  7  |  0  1  2  3  4  5  6  7  |  0  1  2  3  4  5  6  7  | 
receive exit signal 0, success exit.
$finish called from file "/data/usr/xuemy/try_scalar/try_scalar/rtl/toy_env_slv.sv", line 579.
$finish at simulation time                 4430
           V C S   S i m u l a t i o n   R e p o r t 
Time: 4430
CPU Time:      0.400 seconds;       Data structure size:   0.9Mb
Wed Oct 30 13:06:59 2024
<end of output>
Test time =   3.65 sec
----------------------------------------------------------
Test Passed.
"rv32ui-p-lb" end time: Oct 30 13:06 CST
"rv32ui-p-lb" time elapsed: 00:00:03
----------------------------------------------------------

50/60 Testing: rv32uf-p-fadd
50/60 Test: rv32uf-p-fadd
Command: "/data/usr/xuemy/try_scalar/try_scalar/work/rtl_compile/simv" "-exitstatus" "+HEX=/tools/hurj/riscv-proj/isa/rv32uf-p-fadd_itcm.hex" "+DATA_HEX=/tools/hurj/riscv-proj/isa/rv32uf-p-fadd_data.hex" "+TIMEOUT=12000"
Directory: /data/usr/xuemy/try_scalar/try_scalar/rv_isa_test/build
"rv32uf-p-fadd" start time: Oct 30 13:06 CST
Output:
----------------------------------------------------------
Chronologic VCS simulator copyright 1991-2022
Contains Synopsys proprietary information.
Compiler version T-2022.06_Full64; Runtime version T-2022.06_Full64;  Oct 30 13:06 2024
[SYSTEM] Timeout threshold is set to 12000 cycles.
WARNING: toy_top.u_toy_scalar.u_core.u_mext.metx_dw_div.U1.DWF_div_tc:
 at time = 10: Division by zero.
WARNING: toy_top.u_toy_scalar.u_core.u_mext.metx_dw_div.U1.DWF_rem_tc:
 at time = 10: Division by zero.
[SYSTEM][cycle=        287][pc=800002e0] Receive a cmd from core, cmd[00000000] = 0000000000000000000000000000000000000000000000000000000000000001
[SYSTEM][cycle=        287][pc=800002e0] Receive exit command 0000000000000000000000000000000000000000000000000000000000000001, exit.
[SYSTEM][PERF]Total        281 cycles.
[SYSTEM][PERF]Total        167 instructions.
[SYSTEM][PERF]Total          0 times cancel.MPKI 0.000000
[SYSTEM][BP]Tage error:     0, BTB error:     0, RAS error:     0, RAS miss:     0, Ind error:     0.
[SYSTEM][BP]BP2 chgflw:     0, RAS chgflw:     0.
[SYSTEM][BP]Tage update num:    20, Real commit:    20, Real tage err:    20.
[SYSTEM][ENTRY_USE]Fetch entry 0 use         58.
[SYSTEM][ENTRY_USE]Fetch entry 1 use         39.
[SYSTEM][ENTRY_USE]Fetch entry 2 use         30.
[SYSTEM][ENTRY_USE]Fetch entry 3 use         29.
[SYSTEM][LSU]Memory req cycle num         40.
[SYSTEM][COMMIT]MAX use  17.
[SYSTEM][INT_RF]MAX use  43.
[SYSTEM][FP_RF]MAX use  38.
[SYSTEM][LSU]MAX use  4.
[SYSTEM][STQ]MAX use   2.
[SYSTEM][LDQ]MAX use   4.
[SYSTEM] phy_lock                       0                   0                   0                   0
[SYSTEM] eu_hazard                    160
[SYSTEM] reg_hazard                   215
[SYSTEM] in-order                      73
[SYSTEM] 1->eu_hazard
[SYSTEM] 2->           reg_hazard
[SYSTEM] 3->eu_hazard  reg_hazard
[SYSTEM] 4->                       in-order
[SYSTEM] 5->eu_hazard              in-order
[SYSTEM] 6->           reg_hazard  in-order
[SYSTEM] 7->eu_hazard  reg_hazard  in-order
+----------------+---------------+---------------+---------------+---------------+---------------+---------------+---------------+---------------+
|                |  fetch empty  |       1       |       2       |       3       |       4       |       5       |       6       |       7       |
+----------------+---------------+---------------+---------------+---------------+---------------+---------------+---------------+---------------+
|    Channel 0   |       9       |      60       |      50       |      60       |       0       |       0       |       0       |       0       |
+----------------+---------------+---------------+---------------+---------------+---------------+---------------+---------------+---------------+
|    Channel 1   |      189      |       0       |      12       |      10       |       0       |       0       |       0       |      30       |
+----------------+---------------+---------------+---------------+---------------+---------------+---------------+---------------+---------------+
|    Channel 2   |      229      |       0       |      19       |       0       |       0       |       0       |      12       |       0       |
+----------------+---------------+---------------+---------------+---------------+---------------+---------------+---------------+---------------+
|    Channel 3   |      229      |       0       |       2       |       0       |      11       |       0       |      20       |       0       |
+----------------+---------------+---------------+---------------+---------------+---------------+---------------+---------------+---------------+

 | ----- E N T R Y  0 ----- | ----- E N T R Y  1 ----- | ----- E N T R Y  2 ----- | ----- E N T R Y  3 ----- |
 |                          |                          |                          |                          | 
 |                          |                          |  *                       |  *                       | 
 |                          |                          |  *                       |  *                       | 
 |                          |                          |  *                       |  *                       | 
 |                          |                          |  *                       |  *                       | 
 |                          |  *                       |  *                       |  *                       | 
 |                          |  *                       |  *                       |  *                       | 
 |                          |  *                       |  *                       |  *                       | 
 |                          |  *                       |  *                       |  *                       | 
 |                          |  *                       |  *                       |  *                       | 
 |                          |  *                       |  *                       |  *                       | 
 |                          |  *                       |  *                       |  *                       | 
 |                          |  *                       |  *                       |  *                       | 
 |                          |  *                       |  *                       |  *                       | 
 |                          |  *                       |  *                       |  *                       | 
 |                          |  *                       |  *                       |  *                       | 
 |     *     *              |  *                       |  *                       |  *                       | 
 |     *  *  *              |  *                       |  *                       |  *                       | 
 |     *  *  *              |  *                       |  *                       |  *                       | 
 |     *  *  *              |  *                    *  |  *                       |  *                       | 
 |     *  *  *              |  *     *              *  |  *     *           *     |  *                 *     | 
 |  0  1  2  3  4  5  6  7  |  0  1  2  3  4  5  6  7  |  0  1  2  3  4  5  6  7  |  0  1  2  3  4  5  6  7  | 
receive exit signal 0, success exit.
$finish called from file "/data/usr/xuemy/try_scalar/try_scalar/rtl/toy_env_slv.sv", line 579.
$finish at simulation time                 5730
           V C S   S i m u l a t i o n   R e p o r t 
Time: 5730
CPU Time:      0.460 seconds;       Data structure size:   0.9Mb
Wed Oct 30 13:06:59 2024
<end of output>
Test time =   3.86 sec
----------------------------------------------------------
Test Passed.
"rv32uf-p-fadd" end time: Oct 30 13:06 CST
"rv32uf-p-fadd" time elapsed: 00:00:03
----------------------------------------------------------

16/60 Testing: rv32ui-p-lbu
16/60 Test: rv32ui-p-lbu
Command: "/data/usr/xuemy/try_scalar/try_scalar/work/rtl_compile/simv" "-exitstatus" "+HEX=/tools/hurj/riscv-proj/isa/rv32ui-p-lbu_itcm.hex" "+DATA_HEX=/tools/hurj/riscv-proj/isa/rv32ui-p-lbu_data.hex" "+TIMEOUT=12000"
[...]
+----------------+---------------+---------------+---------------+---------------+---------------+---------------+---------------+---------------+
|    Channel 2   |      286      |       0       |      31       |       0       |       6       |       0       |       2       |       0       |
+----------------+---------------+---------------+---------------+---------------+---------------+---------------+---------------+---------------+
|    Channel 3   |      291      |       0       |      36       |       0       |      29       |       0       |       4       |       0       |
+----------------+---------------+---------------+---------------+---------------+---------------+---------------+---------------+---------------+

 | ----- E N T R Y  0 ----- | ----- E N T R Y  1 ----- | ----- E N T R Y  2 ----- | ----- E N T R Y  3 ----- |
 |                          |                          |                          |                          | 
 |                          |                          |                          |  *                       | 
 |                          |  *                       |  *                       |  *                       | 
 |  *                       |  *                       |  *                       |  *                       | 
 |  *                       |  *                       |  *                       |  *                       | 
 |  *                       |  *                       |  *                       |  *                       | 
 |  *                       |  *                       |  *                       |  *                       | 
 |  *                       |  *                       |  *                       |  *                       | 
 |  *                       |  *                       |  *                       |  *                       | 
 |  *                       |  *                       |  *                       |  *                       | 
 |  *                       |  *                       |  *                       |  *                       | 
 |  *                       |  *                       |  *                       |  *                       | 
 |  *                       |  *                       |  *                       |  *                       | 
 |  *                       |  *                       |  *                       |  *                       | 
 |  *                       |  *                       |  *                       |  *                       | 
 |  *                       |  *                       |  *                       |  *                       | 
 |  *                       |  *                       |  *                       |  *                       | 
 |  *                       |  *                       |  *                       |  *                       | 
 |  *                       |  *                       |  *                       |  *                       | 
 |  *                       |  *                       |  *     *                 |  *     *                 | 
 |  *                       |  *                       |  *     *                 |  *     *     *           | 
 |  0  1  2  3  4  5  6  7  |  0  1  2  3  4  5  6  7  |  0  1  2  3  4  5  6  7  |  0  1  2  3  4  5  6  7  | 
receive exit signal 0, success exit.
$finish called from file "/data/usr/xuemy/try_scalar/try_scalar/rtl/toy_env_slv.sv", line 579.
$finish at simulation time                 8470
           V C S   S i m u l a t i o n   R e p o r t 
Time: 8470
CPU Time:      0.570 seconds;       Data structure size:   0.9Mb
Wed Oct 30 13:07:02 2024
<end of output>
Test time =   5.41 sec
----------------------------------------------------------
Test Passed.
"rv32ui-p-bne" end time: Oct 30 13:07 CST
"rv32ui-p-bne" time elapsed: 00:00:05
----------------------------------------------------------

58/60 Testing: rv32uf-p-ldst
58/60 Test: rv32uf-p-ldst
Command: "/data/usr/xuemy/try_scalar/try_scalar/work/rtl_compile/simv" "-exitstatus" "+HEX=/tools/hurj/riscv-proj/isa/rv32uf-p-ldst_itcm.hex" "+DATA_HEX=/tools/hurj/riscv-proj/isa/rv32uf-p-ldst_data.hex" "+TIMEOUT=12000"
Directory: /data/usr/xuemy/try_scalar/try_scalar/rv_isa_test/build
"rv32uf-p-ldst" start time: Oct 30 13:06 CST
Output:
----------------------------------------------------------
Chronologic VCS simulator copyright 1991-2022
Contains Synopsys proprietary information.
Compiler version T-2022.06_Full64; Runtime version T-2022.06_Full64;  Oct 30 13:06 2024
[SYSTEM] Timeout threshold is set to 12000 cycles.
WARNING: toy_top.u_toy_scalar.u_core.u_mext.metx_dw_div.U1.DWF_div_tc:
 at time = 10: Division by zero.
WARNING: toy_top.u_toy_scalar.u_core.u_mext.metx_dw_div.U1.DWF_rem_tc:
 at time = 10: Division by zero.
[SYSTEM][cycle=         38][pc=80000114] Receive a cmd from core, cmd[00000000] = 0000000000000000000000000000000000000000000000000000000000000001
[SYSTEM][cycle=         38][pc=80000114] Receive exit command 0000000000000000000000000000000000000000000000000000000000000001, exit.
[SYSTEM][PERF]Total         32 cycles.
[SYSTEM][PERF]Total         53 instructions.
[SYSTEM][PERF]Total          0 times cancel.MPKI 0.000000
[SYSTEM][BP]Tage error:     0, BTB error:     0, RAS error:     0, RAS miss:     0, Ind error:     0.
[SYSTEM][BP]BP2 chgflw:     0, RAS chgflw:     0.
[SYSTEM][BP]Tage update num:     5, Real commit:     6, Real tage err:     6.
[SYSTEM][ENTRY_USE]Fetch entry 0 use         16.
[SYSTEM][ENTRY_USE]Fetch entry 1 use         12.
[SYSTEM][ENTRY_USE]Fetch entry 2 use         12.
[SYSTEM][ENTRY_USE]Fetch entry 3 use         10.
[SYSTEM][LSU]Memory req cycle num          4.
[SYSTEM][COMMIT]MAX use  16.
[SYSTEM][INT_RF]MAX use  43.
[SYSTEM][FP_RF]MAX use  36.
[SYSTEM][LSU]MAX use  2.
[SYSTEM][STQ]MAX use   2.
[SYSTEM][LDQ]MAX use   1.
[SYSTEM] phy_lock                       0                   0                   0                   0
[SYSTEM] eu_hazard                      0
[SYSTEM] reg_hazard                    26
[SYSTEM] in-order                      26
[SYSTEM] 1->eu_hazard
[SYSTEM] 2->           reg_hazard
[SYSTEM] 3->eu_hazard  reg_hazard
[SYSTEM] 4->                       in-order
[SYSTEM] 5->eu_hazard              in-order
[SYSTEM] 6->           reg_hazard  in-order
[SYSTEM] 7->eu_hazard  reg_hazard  in-order
+----------------+---------------+---------------+---------------+---------------+---------------+---------------+---------------+---------------+
|                |  fetch empty  |       1       |       2       |       3       |       4       |       5       |       6       |       7       |
+----------------+---------------+---------------+---------------+---------------+---------------+---------------+---------------+---------------+
|    Channel 0   |       9       |       0       |       6       |       0       |       0       |       0       |       0       |       0       |
+----------------+---------------+---------------+---------------+---------------+---------------+---------------+---------------+---------------+
|    Channel 1   |       9       |       0       |       4       |       0       |       6       |       0       |       0       |       0       |
+----------------+---------------+---------------+---------------+---------------+---------------+---------------+---------------+---------------+
|    Channel 2   |       9       |       0       |       5       |       0       |       2       |       0       |       6       |       0       |
+----------------+---------------+---------------+---------------+---------------+---------------+---------------+---------------+---------------+
|    Channel 3   |       9       |       0       |       1       |       0       |       8       |       0       |       4       |       0       |
+----------------+---------------+---------------+---------------+---------------+---------------+---------------+---------------+---------------+

 | ----- E N T R Y  0 ----- | ----- E N T R Y  1 ----- | ----- E N T R Y  2 ----- | ----- E N T R Y  3 ----- |
 |                          |                          |                          |                          | 
 |  *                       |  *                       |  *                       |  *                       | 
 |  *                       |  *                       |  *                       |  *                       | 
 |  *                       |  *                       |  *                       |  *                       | 
 |  *                       |  *                       |  *                       |  *           *           | 
 |  *                       |  *                       |  *                       |  *           *           | 
 |  *                       |  *                       |  *                       |  *           *           | 
 |  *                       |  *                       |  *                       |  *           *           | 
 |  *     *                 |  *           *           |  *                 *     |  *           *           | 
 |  *     *                 |  *           *           |  *                 *     |  *           *           | 
 |  *     *                 |  *           *           |  *     *           *     |  *           *           | 
 |  *     *                 |  *           *           |  *     *           *     |  *           *           | 
 |  *     *                 |  *           *           |  *     *           *     |  *           *           | 
 |  *     *                 |  *     *     *           |  *     *           *     |  *           *     *     | 
 |  *     *                 |  *     *     *           |  *     *           *     |  *           *     *     | 
 |  *     *                 |  *     *     *           |  *     *           *     |  *           *     *     | 
 |  *     *                 |  *     *     *           |  *     *           *     |  *           *     *     | 
 |  *     *                 |  *     *     *           |  *     *     *     *     |  *           *     *     | 
 |  *     *                 |  *     *     *           |  *     *     *     *     |  *           *     *     | 
 |  *     *                 |  *     *     *           |  *     *     *     *     |  *     *     *     *     | 
 |  *     *                 |  *     *     *           |  *     *     *     *     |  *     *     *     *     | 
 |  0  1  2  3  4  5  6  7  |  0  1  2  3  4  5  6  7  |  0  1  2  3  4  5  6  7  |  0  1  2  3  4  5  6  7  | 
receive exit signal 0, success exit.
$finish called from file "/data/usr/xuemy/try_scalar/try_scalar/rtl/toy_env_slv.sv", line 579.
$finish at simulation time                  750
           V C S   S i m u l a t i o n   R e p o r t 
Time: 750
CPU Time:      0.370 seconds;       Data structure size:   0.9Mb
Wed Oct 30 13:07:02 2024
<end of output>
Test time =   5.77 sec
----------------------------------------------------------
Test Passed.
"rv32uf-p-ldst" end time: Oct 30 13:07 CST
"rv32uf-p-ldst" time elapsed: 00:00:05
----------------------------------------------------------

49/60 Testing: rv32uc-p-rvc
49/60 Test: rv32uc-p-rvc
Command: "/data/usr/xuemy/try_scalar/try_scalar/work/rtl_compile/simv" "-exitstatus" "+HEX=/tools/hurj/riscv-proj/isa/rv32uc-p-rvc_itcm.hex" "+DATA_HEX=/tools/hurj/riscv-proj/isa/rv32uc-p-rvc_data.hex" "+TIMEOUT=12000"
Directory: /data/usr/xuemy/try_scalar/try_scalar/rv_isa_test/build
"rv32uc-p-rvc" start time: Oct 30 13:06 CST
Output:
----------------------------------------------------------
Chronologic VCS simulator copyright 1991-2022
Contains Synopsys proprietary information.
Compiler version T-2022.06_Full64; Runtime version T-2022.06_Full64;  Oct 30 13:06 2024
[SYSTEM] Timeout threshold is set to 12000 cycles.
WARNING: toy_top.u_toy_scalar.u_core.u_mext.metx_dw_div.U1.DWF_div_tc:
 at time = 10: Division by zero.
WARNING: toy_top.u_toy_scalar.u_core.u_mext.metx_dw_div.U1.DWF_rem_tc:
 at time = 10: Division by zero.
Fatal: "/data/usr/xuemy/try_scalar/try_scalar/rtl/toy_env_slv.sv", 55: toy_top.u_toy_env_slv: at time 240100
[SYSTEM] Timeout occurs after executing 12000 cycles !
$finish called from file "/data/usr/xuemy/try_scalar/try_scalar/rtl/toy_env_slv.sv", line 55.
$finish at simulation time               240100
           V C S   S i m u l a t i o n   R e p o r t 
Time: 240100
CPU Time:      4.170 seconds;       Data structure size:   0.9Mb
Wed Oct 30 13:07:02 2024
<end of output>
Test time =   6.53 sec
----------------------------------------------------------
Test Failed.
"rv32uc-p-rvc" end time: Oct 30 13:07 CST
"rv32uc-p-rvc" time elapsed: 00:00:06
----------------------------------------------------------

56/60 Testing: rv32uf-p-fmadd
56/60 Test: rv32uf-p-fmadd
Command: "/data/usr/xuemy/try_scalar/try_scalar/work/rtl_compile/simv" "-exitstatus" "+HEX=/tools/hurj/riscv-proj/isa/rv32uf-p-fmadd_itcm.hex" "+DATA_HEX=/tools/hurj/riscv-proj/isa/rv32uf-p-fmadd_data.hex" "+TIMEOUT=12000"
Directory: /data/usr/xuemy/try_scalar/try_scalar/rv_isa_test/build
"rv32uf-p-fmadd" start time: Oct 30 13:06 CST
Output:
----------------------------------------------------------
Chronologic VCS simulator copyright 1991-2022
Contains Synopsys proprietary information.
Compiler version T-2022.06_Full64; Runtime version T-2022.06_Full64;  Oct 30 13:06 2024
[SYSTEM] Timeout threshold is set to 12000 cycles.
WARNING: toy_top.u_toy_scalar.u_core.u_mext.metx_dw_div.U1.DWF_div_tc:
 at time = 10: Division by zero.
WARNING: toy_top.u_toy_scalar.u_core.u_mext.metx_dw_div.U1.DWF_rem_tc:
 at time = 10: Division by zero.
[SYSTEM][cycle=        351][pc=80000348] Receive a cmd from core, cmd[00000000] = 0000000000000000000000000000000000000000000000000000000000000001
[SYSTEM][cycle=        351][pc=80000348] Receive exit command 0000000000000000000000000000000000000000000000000000000000000001, exit.
[SYSTEM][PERF]Total        345 cycles.
[SYSTEM][PERF]Total        193 instructions.
[SYSTEM][PERF]Total          0 times cancel.MPKI 0.000000
[SYSTEM][BP]Tage error:     0, BTB error:     0, RAS error:     0, RAS miss:     0, Ind error:     0.
[SYSTEM][BP]BP2 chgflw:     0, RAS chgflw:     0.
[SYSTEM][BP]Tage update num:    23, Real commit:    23, Real tage err:    23.
[SYSTEM][ENTRY_USE]Fetch entry 0 use         68.
[SYSTEM][ENTRY_USE]Fetch entry 1 use         45.
[SYSTEM][ENTRY_USE]Fetch entry 2 use         34.
[SYSTEM][ENTRY_USE]Fetch entry 3 use         33.
[SYSTEM][LSU]Memory req cycle num         48.
[SYSTEM][COMMIT]MAX use  17.
[SYSTEM][INT_RF]MAX use  43.
[SYSTEM][FP_RF]MAX use  38.
[SYSTEM][LSU]MAX use  4.
[SYSTEM][STQ]MAX use   2.
[SYSTEM][LDQ]MAX use   4.
[SYSTEM] phy_lock                       0                   0                   0                   0
[SYSTEM] eu_hazard                    204
[SYSTEM] reg_hazard                   281
[SYSTEM] in-order                      99
[SYSTEM] 1->eu_hazard
[SYSTEM] 2->           reg_hazard
[SYSTEM] 3->eu_hazard  reg_hazard
[SYSTEM] 4->                       in-order
[SYSTEM] 5->eu_hazard              in-order
[SYSTEM] 6->           reg_hazard  in-order
[SYSTEM] 7->eu_hazard  reg_hazard  in-order
+----------------+---------------+---------------+---------------+---------------+---------------+---------------+---------------+---------------+
|                |  fetch empty  |       1       |       2       |       3       |       4       |       5       |       6       |       7       |
+----------------+---------------+---------------+---------------+---------------+---------------+---------------+---------------+---------------+
|    Channel 0   |       9       |      72       |      72       |      72       |       0       |       0       |       0       |       0       |
+----------------+---------------+---------------+---------------+---------------+---------------+---------------+---------------+---------------+
|    Channel 1   |      225      |       0       |      14       |      12       |       0       |       0       |       0       |      48       |
+----------------+---------------+---------------+---------------+---------------+---------------+---------------+---------------+---------------+
|    Channel 2   |      285      |       0       |      23       |       0       |       0       |       0       |      14       |       0       |
+----------------+---------------+---------------+---------------+---------------+---------------+---------------+---------------+---------------+
|    Channel 3   |      285      |       0       |       2       |       0       |      13       |       0       |      24       |       0       |
+----------------+---------------+---------------+---------------+---------------+---------------+---------------+---------------+---------------+

 | ----- E N T R Y  0 ----- | ----- E N T R Y  1 ----- | ----- E N T R Y  2 ----- | ----- E N T R Y  3 ----- |
 |                          |                          |                          |                          | 
 |                          |                          |  *                       |  *                       | 
 |                          |                          |  *                       |  *                       | 
 |                          |                          |  *                       |  *                       | 
 |                          |                          |  *                       |  *                       | 
 |                          |                          |  *                       |  *                       | 
 |                          |  *                       |  *                       |  *                       | 
 |                          |  *                       |  *                       |  *                       | 
 |                          |  *                       |  *                       |  *                       | 
 |                          |  *                       |  *                       |  *                       | 
 |                          |  *                       |  *                       |  *                       | 
 |                          |  *                       |  *                       |  *                       | 
 |                          |  *                       |  *                       |  *                       | 
 |                          |  *                       |  *                       |  *                       | 
 |                          |  *                       |  *                       |  *                       | 
 |                          |  *                       |  *                       |  *                       | 
 |     *  *  *              |  *                       |  *                       |  *                       | 
 |     *  *  *              |  *                       |  *                       |  *                       | 
 |     *  *  *              |  *                    *  |  *                       |  *                       | 
 |     *  *  *              |  *                    *  |  *                       |  *                       | 
 |     *  *  *              |  *                    *  |  *     *                 |  *                 *     | 
 |  0  1  2  3  4  5  6  7  |  0  1  2  3  4  5  6  7  |  0  1  2  3  4  5  6  7  |  0  1  2  3  4  5  6  7  | 
receive exit signal 0, success exit.
$finish called from file "/data/usr/xuemy/try_scalar/try_scalar/rtl/toy_env_slv.sv", line 579.
$finish at simulation time                 7010
           V C S   S i m u l a t i o n   R e p o r t 
Time: 7010
CPU Time:      0.370 seconds;       Data structure size:   0.9Mb
Wed Oct 30 13:07:03 2024
<end of output>
Test time =   6.03 sec
----------------------------------------------------------
Test Passed.
"rv32uf-p-fmadd" end time: Oct 30 13:07 CST
"rv32uf-p-fmadd" time elapsed: 00:00:06
----------------------------------------------------------

End testing: Oct 30 13:07 CST
